[INFO] 2025-09-24 14:08:35,161 django.utils.autoreload Watching for file changes with StatReloader
[INFO] 2025-09-24 14:08:35,161 django.utils.autoreload Watching for file changes with StatReloader
[INFO] 2025-09-24 14:08:42,582 django.server "GET / HTTP/1.1" 302 0
[INFO] 2025-09-24 14:08:42,582 django.server "GET / HTTP/1.1" 302 0
[WARNING] 2025-09-24 14:08:43,010 django.security.SuspiciousSession Session data corrupted
[WARNING] 2025-09-24 14:08:43,010 django.security.SuspiciousSession Session data corrupted
[INFO] 2025-09-24 14:08:43,039 django.server "GET /dashboard/ HTTP/1.1" 302 0
[INFO] 2025-09-24 14:08:43,039 django.server "GET /dashboard/ HTTP/1.1" 302 0
[WARNING] 2025-09-24 14:08:43,368 django.security.SuspiciousSession Session data corrupted
[WARNING] 2025-09-24 14:08:43,368 django.security.SuspiciousSession Session data corrupted
[INFO] 2025-09-24 14:08:43,606 django.server "GET /login/?next=/dashboard/ HTTP/1.1" 200 4457
[INFO] 2025-09-24 14:08:43,606 django.server "GET /login/?next=/dashboard/ HTTP/1.1" 200 4457
[WARNING] 2025-09-24 14:08:44,507 django.request Not Found: /favicon.ico
[WARNING] 2025-09-24 14:08:44,507 django.request Not Found: /favicon.ico
[WARNING] 2025-09-24 14:08:44,509 django.server "GET /favicon.ico HTTP/1.1" 404 4188
[WARNING] 2025-09-24 14:08:44,509 django.server "GET /favicon.ico HTTP/1.1" 404 4188
[WARNING] 2025-09-24 14:08:46,473 django.security.SuspiciousSession Session data corrupted
[WARNING] 2025-09-24 14:08:46,473 django.security.SuspiciousSession Session data corrupted
[INFO] 2025-09-24 14:08:46,708 django.server "GET /reports/ HTTP/1.1" 200 81205
[INFO] 2025-09-24 14:08:46,708 django.server "GET /reports/ HTTP/1.1" 200 81205
[INFO] 2025-09-24 14:08:52,609 django.server "GET /reports/66/delete/ HTTP/1.1" 302 0
[INFO] 2025-09-24 14:08:52,609 django.server "GET /reports/66/delete/ HTTP/1.1" 302 0
[WARNING] 2025-09-24 14:08:52,636 django.security.SuspiciousSession Session data corrupted
[WARNING] 2025-09-24 14:08:52,636 django.security.SuspiciousSession Session data corrupted
[INFO] 2025-09-24 14:08:52,946 django.server "GET /reports/ HTTP/1.1" 200 80081
[INFO] 2025-09-24 14:08:52,946 django.server "GET /reports/ HTTP/1.1" 200 80081
[INFO] 2025-09-24 14:08:57,972 django.server "GET /reports/65/delete/ HTTP/1.1" 302 0
[INFO] 2025-09-24 14:08:57,972 django.server "GET /reports/65/delete/ HTTP/1.1" 302 0
[WARNING] 2025-09-24 14:08:58,014 django.security.SuspiciousSession Session data corrupted
[WARNING] 2025-09-24 14:08:58,014 django.security.SuspiciousSession Session data corrupted
[INFO] 2025-09-24 14:08:58,436 django.server "GET /reports/ HTTP/1.1" 200 78955
[INFO] 2025-09-24 14:08:58,436 django.server "GET /reports/ HTTP/1.1" 200 78955
[INFO] 2025-09-24 14:09:01,360 django.server "GET /reports/64/delete/ HTTP/1.1" 302 0
[INFO] 2025-09-24 14:09:01,360 django.server "GET /reports/64/delete/ HTTP/1.1" 302 0
[WARNING] 2025-09-24 14:09:01,395 django.security.SuspiciousSession Session data corrupted
[WARNING] 2025-09-24 14:09:01,395 django.security.SuspiciousSession Session data corrupted
[INFO] 2025-09-24 14:09:01,719 django.server "GET /reports/ HTTP/1.1" 200 77827
[INFO] 2025-09-24 14:09:01,719 django.server "GET /reports/ HTTP/1.1" 200 77827
[INFO] 2025-09-24 14:09:04,182 django.server "GET /reports/63/delete/ HTTP/1.1" 302 0
[INFO] 2025-09-24 14:09:04,182 django.server "GET /reports/63/delete/ HTTP/1.1" 302 0
[WARNING] 2025-09-24 14:09:04,219 django.security.SuspiciousSession Session data corrupted
[WARNING] 2025-09-24 14:09:04,219 django.security.SuspiciousSession Session data corrupted
[INFO] 2025-09-24 14:09:04,553 django.server "GET /reports/ HTTP/1.1" 200 76700
[INFO] 2025-09-24 14:09:04,553 django.server "GET /reports/ HTTP/1.1" 200 76700
[INFO] 2025-09-24 14:09:07,465 django.server "GET /reports/62/delete/ HTTP/1.1" 302 0
[INFO] 2025-09-24 14:09:07,465 django.server "GET /reports/62/delete/ HTTP/1.1" 302 0
[WARNING] 2025-09-24 14:09:07,496 django.security.SuspiciousSession Session data corrupted
[WARNING] 2025-09-24 14:09:07,496 django.security.SuspiciousSession Session data corrupted
[INFO] 2025-09-24 14:09:07,763 django.server "GET /reports/ HTTP/1.1" 200 75577
[INFO] 2025-09-24 14:09:07,763 django.server "GET /reports/ HTTP/1.1" 200 75577
[INFO] 2025-09-24 14:09:11,729 django.server "GET /reports/60/delete/ HTTP/1.1" 302 0
[INFO] 2025-09-24 14:09:11,729 django.server "GET /reports/60/delete/ HTTP/1.1" 302 0
[WARNING] 2025-09-24 14:09:11,762 django.security.SuspiciousSession Session data corrupted
[WARNING] 2025-09-24 14:09:11,762 django.security.SuspiciousSession Session data corrupted
[INFO] 2025-09-24 14:09:12,026 django.server "GET /reports/ HTTP/1.1" 200 74454
[INFO] 2025-09-24 14:09:12,026 django.server "GET /reports/ HTTP/1.1" 200 74454
[INFO] 2025-09-24 14:09:16,004 django.server "GET /reports/59/delete/ HTTP/1.1" 302 0
[INFO] 2025-09-24 14:09:16,004 django.server "GET /reports/59/delete/ HTTP/1.1" 302 0
[WARNING] 2025-09-24 14:09:16,036 django.security.SuspiciousSession Session data corrupted
[WARNING] 2025-09-24 14:09:16,036 django.security.SuspiciousSession Session data corrupted
[INFO] 2025-09-24 14:09:16,293 django.server "GET /reports/ HTTP/1.1" 200 73331
[INFO] 2025-09-24 14:09:16,293 django.server "GET /reports/ HTTP/1.1" 200 73331
[INFO] 2025-09-24 14:09:18,668 django.server "GET /reports/58/delete/ HTTP/1.1" 302 0
[INFO] 2025-09-24 14:09:18,668 django.server "GET /reports/58/delete/ HTTP/1.1" 302 0
[WARNING] 2025-09-24 14:09:18,698 django.security.SuspiciousSession Session data corrupted
[WARNING] 2025-09-24 14:09:18,698 django.security.SuspiciousSession Session data corrupted
[INFO] 2025-09-24 14:09:18,946 django.server "GET /reports/ HTTP/1.1" 200 72208
[INFO] 2025-09-24 14:09:18,946 django.server "GET /reports/ HTTP/1.1" 200 72208
[INFO] 2025-09-24 14:09:21,172 django.server "GET /reports/57/delete/ HTTP/1.1" 302 0
[INFO] 2025-09-24 14:09:21,172 django.server "GET /reports/57/delete/ HTTP/1.1" 302 0
[WARNING] 2025-09-24 14:09:21,207 django.security.SuspiciousSession Session data corrupted
[WARNING] 2025-09-24 14:09:21,207 django.security.SuspiciousSession Session data corrupted
[INFO] 2025-09-24 14:09:21,455 django.server "GET /reports/ HTTP/1.1" 200 71081
[INFO] 2025-09-24 14:09:21,455 django.server "GET /reports/ HTTP/1.1" 200 71081
[INFO] 2025-09-24 14:09:23,432 django.server "GET /reports/56/delete/ HTTP/1.1" 302 0
[INFO] 2025-09-24 14:09:23,432 django.server "GET /reports/56/delete/ HTTP/1.1" 302 0
[WARNING] 2025-09-24 14:09:23,463 django.security.SuspiciousSession Session data corrupted
[WARNING] 2025-09-24 14:09:23,463 django.security.SuspiciousSession Session data corrupted
[INFO] 2025-09-24 14:09:23,702 django.server "GET /reports/ HTTP/1.1" 200 69957
[INFO] 2025-09-24 14:09:23,702 django.server "GET /reports/ HTTP/1.1" 200 69957
[INFO] 2025-09-24 14:09:25,733 django.server "GET /reports/55/delete/ HTTP/1.1" 302 0
[INFO] 2025-09-24 14:09:25,733 django.server "GET /reports/55/delete/ HTTP/1.1" 302 0
[WARNING] 2025-09-24 14:09:25,751 django.security.SuspiciousSession Session data corrupted
[WARNING] 2025-09-24 14:09:25,751 django.security.SuspiciousSession Session data corrupted
[INFO] 2025-09-24 14:09:26,029 django.server "GET /reports/ HTTP/1.1" 200 68831
[INFO] 2025-09-24 14:09:26,029 django.server "GET /reports/ HTTP/1.1" 200 68831
[INFO] 2025-09-24 14:09:29,480 django.server "GET /reports/54/delete/ HTTP/1.1" 302 0
[INFO] 2025-09-24 14:09:29,480 django.server "GET /reports/54/delete/ HTTP/1.1" 302 0
[WARNING] 2025-09-24 14:09:29,508 django.security.SuspiciousSession Session data corrupted
[WARNING] 2025-09-24 14:09:29,508 django.security.SuspiciousSession Session data corrupted
[INFO] 2025-09-24 14:09:29,767 django.server "GET /reports/ HTTP/1.1" 200 67703
[INFO] 2025-09-24 14:09:29,767 django.server "GET /reports/ HTTP/1.1" 200 67703
[INFO] 2025-09-24 14:09:31,869 django.server "GET /reports/53/delete/ HTTP/1.1" 302 0
[INFO] 2025-09-24 14:09:31,869 django.server "GET /reports/53/delete/ HTTP/1.1" 302 0
[WARNING] 2025-09-24 14:09:31,896 django.security.SuspiciousSession Session data corrupted
[WARNING] 2025-09-24 14:09:31,896 django.security.SuspiciousSession Session data corrupted
[INFO] 2025-09-24 14:09:32,172 django.server "GET /reports/ HTTP/1.1" 200 66576
[INFO] 2025-09-24 14:09:32,172 django.server "GET /reports/ HTTP/1.1" 200 66576
[INFO] 2025-09-24 14:09:37,101 django.server "GET /reports/52/delete/ HTTP/1.1" 302 0
[INFO] 2025-09-24 14:09:37,101 django.server "GET /reports/52/delete/ HTTP/1.1" 302 0
[WARNING] 2025-09-24 14:09:37,124 django.security.SuspiciousSession Session data corrupted
[WARNING] 2025-09-24 14:09:37,124 django.security.SuspiciousSession Session data corrupted
[INFO] 2025-09-24 14:09:37,366 django.server "GET /reports/ HTTP/1.1" 200 65453
[INFO] 2025-09-24 14:09:37,366 django.server "GET /reports/ HTTP/1.1" 200 65453
[INFO] 2025-09-24 14:09:39,185 django.server "GET /reports/50/delete/ HTTP/1.1" 302 0
[INFO] 2025-09-24 14:09:39,185 django.server "GET /reports/50/delete/ HTTP/1.1" 302 0
[WARNING] 2025-09-24 14:09:39,221 django.security.SuspiciousSession Session data corrupted
[WARNING] 2025-09-24 14:09:39,221 django.security.SuspiciousSession Session data corrupted
[INFO] 2025-09-24 14:09:39,434 django.server "GET /reports/ HTTP/1.1" 200 64329
[INFO] 2025-09-24 14:09:39,434 django.server "GET /reports/ HTTP/1.1" 200 64329
[INFO] 2025-09-24 14:09:42,285 django.server "GET /reports/49/delete/ HTTP/1.1" 302 0
[INFO] 2025-09-24 14:09:42,285 django.server "GET /reports/49/delete/ HTTP/1.1" 302 0
[WARNING] 2025-09-24 14:09:42,312 django.security.SuspiciousSession Session data corrupted
[WARNING] 2025-09-24 14:09:42,312 django.security.SuspiciousSession Session data corrupted
[INFO] 2025-09-24 14:09:42,531 django.server "GET /reports/ HTTP/1.1" 200 63203
[INFO] 2025-09-24 14:09:42,531 django.server "GET /reports/ HTTP/1.1" 200 63203
[INFO] 2025-09-24 14:09:45,566 django.server "GET /reports/48/delete/ HTTP/1.1" 302 0
[INFO] 2025-09-24 14:09:45,566 django.server "GET /reports/48/delete/ HTTP/1.1" 302 0
[WARNING] 2025-09-24 14:09:45,596 django.security.SuspiciousSession Session data corrupted
[WARNING] 2025-09-24 14:09:45,596 django.security.SuspiciousSession Session data corrupted
[INFO] 2025-09-24 14:09:45,852 django.server "GET /reports/ HTTP/1.1" 200 62075
[INFO] 2025-09-24 14:09:45,852 django.server "GET /reports/ HTTP/1.1" 200 62075
[INFO] 2025-09-24 14:09:47,969 django.server "GET /reports/47/delete/ HTTP/1.1" 302 0
[INFO] 2025-09-24 14:09:47,969 django.server "GET /reports/47/delete/ HTTP/1.1" 302 0
[WARNING] 2025-09-24 14:09:48,003 django.security.SuspiciousSession Session data corrupted
[WARNING] 2025-09-24 14:09:48,003 django.security.SuspiciousSession Session data corrupted
[INFO] 2025-09-24 14:09:48,238 django.server "GET /reports/ HTTP/1.1" 200 60948
[INFO] 2025-09-24 14:09:48,238 django.server "GET /reports/ HTTP/1.1" 200 60948
[INFO] 2025-09-24 14:09:51,535 django.server "GET /reports/46/delete/ HTTP/1.1" 302 0
[INFO] 2025-09-24 14:09:51,535 django.server "GET /reports/46/delete/ HTTP/1.1" 302 0
[WARNING] 2025-09-24 14:09:51,568 django.security.SuspiciousSession Session data corrupted
[WARNING] 2025-09-24 14:09:51,568 django.security.SuspiciousSession Session data corrupted
[INFO] 2025-09-24 14:09:51,781 django.server "GET /reports/ HTTP/1.1" 200 59825
[INFO] 2025-09-24 14:09:51,781 django.server "GET /reports/ HTTP/1.1" 200 59825
[INFO] 2025-09-24 14:09:53,850 django.server "GET /reports/45/delete/ HTTP/1.1" 302 0
[INFO] 2025-09-24 14:09:53,850 django.server "GET /reports/45/delete/ HTTP/1.1" 302 0
[WARNING] 2025-09-24 14:09:53,883 django.security.SuspiciousSession Session data corrupted
[WARNING] 2025-09-24 14:09:53,883 django.security.SuspiciousSession Session data corrupted
[INFO] 2025-09-24 14:09:54,130 django.server "GET /reports/ HTTP/1.1" 200 58701
[INFO] 2025-09-24 14:09:54,130 django.server "GET /reports/ HTTP/1.1" 200 58701
[INFO] 2025-09-24 14:09:57,418 django.server "GET /reports/44/delete/ HTTP/1.1" 302 0
[INFO] 2025-09-24 14:09:57,418 django.server "GET /reports/44/delete/ HTTP/1.1" 302 0
[WARNING] 2025-09-24 14:09:57,454 django.security.SuspiciousSession Session data corrupted
[WARNING] 2025-09-24 14:09:57,454 django.security.SuspiciousSession Session data corrupted
[INFO] 2025-09-24 14:09:57,681 django.server "GET /reports/ HTTP/1.1" 200 57575
[INFO] 2025-09-24 14:09:57,681 django.server "GET /reports/ HTTP/1.1" 200 57575
[INFO] 2025-09-24 14:09:59,799 django.server "GET /reports/43/delete/ HTTP/1.1" 302 0
[INFO] 2025-09-24 14:09:59,799 django.server "GET /reports/43/delete/ HTTP/1.1" 302 0
[WARNING] 2025-09-24 14:09:59,830 django.security.SuspiciousSession Session data corrupted
[WARNING] 2025-09-24 14:09:59,830 django.security.SuspiciousSession Session data corrupted
[INFO] 2025-09-24 14:10:00,042 django.server "GET /reports/ HTTP/1.1" 200 56447
[INFO] 2025-09-24 14:10:00,042 django.server "GET /reports/ HTTP/1.1" 200 56447
[INFO] 2025-09-24 14:10:02,142 django.server "GET /reports/42/delete/ HTTP/1.1" 302 0
[INFO] 2025-09-24 14:10:02,142 django.server "GET /reports/42/delete/ HTTP/1.1" 302 0
[WARNING] 2025-09-24 14:10:02,174 django.security.SuspiciousSession Session data corrupted
[WARNING] 2025-09-24 14:10:02,174 django.security.SuspiciousSession Session data corrupted
[INFO] 2025-09-24 14:10:02,379 django.server "GET /reports/ HTTP/1.1" 200 55320
[INFO] 2025-09-24 14:10:02,379 django.server "GET /reports/ HTTP/1.1" 200 55320
[INFO] 2025-09-24 14:10:04,469 django.server "GET /reports/40/delete/ HTTP/1.1" 302 0
[INFO] 2025-09-24 14:10:04,469 django.server "GET /reports/40/delete/ HTTP/1.1" 302 0
[WARNING] 2025-09-24 14:10:04,494 django.security.SuspiciousSession Session data corrupted
[WARNING] 2025-09-24 14:10:04,494 django.security.SuspiciousSession Session data corrupted
[INFO] 2025-09-24 14:10:04,681 django.server "GET /reports/ HTTP/1.1" 200 54197
[INFO] 2025-09-24 14:10:04,681 django.server "GET /reports/ HTTP/1.1" 200 54197
[INFO] 2025-09-24 14:10:07,884 django.server "GET /reports/39/delete/ HTTP/1.1" 302 0
[INFO] 2025-09-24 14:10:07,884 django.server "GET /reports/39/delete/ HTTP/1.1" 302 0
[WARNING] 2025-09-24 14:10:07,914 django.security.SuspiciousSession Session data corrupted
[WARNING] 2025-09-24 14:10:07,914 django.security.SuspiciousSession Session data corrupted
[INFO] 2025-09-24 14:10:08,121 django.server "GET /reports/ HTTP/1.1" 200 53071
[INFO] 2025-09-24 14:10:08,121 django.server "GET /reports/ HTTP/1.1" 200 53071
[INFO] 2025-09-24 14:10:13,213 django.server "GET /reports/38/delete/ HTTP/1.1" 302 0
[INFO] 2025-09-24 14:10:13,213 django.server "GET /reports/38/delete/ HTTP/1.1" 302 0
[WARNING] 2025-09-24 14:10:13,246 django.security.SuspiciousSession Session data corrupted
[WARNING] 2025-09-24 14:10:13,246 django.security.SuspiciousSession Session data corrupted
[INFO] 2025-09-24 14:10:13,448 django.server "GET /reports/ HTTP/1.1" 200 51947
[INFO] 2025-09-24 14:10:13,448 django.server "GET /reports/ HTTP/1.1" 200 51947
[INFO] 2025-09-24 14:10:16,285 django.server "GET /reports/37/delete/ HTTP/1.1" 302 0
[INFO] 2025-09-24 14:10:16,285 django.server "GET /reports/37/delete/ HTTP/1.1" 302 0
[WARNING] 2025-09-24 14:10:16,325 django.security.SuspiciousSession Session data corrupted
[WARNING] 2025-09-24 14:10:16,325 django.security.SuspiciousSession Session data corrupted
[INFO] 2025-09-24 14:10:16,569 django.server "GET /reports/ HTTP/1.1" 200 50819
[INFO] 2025-09-24 14:10:16,569 django.server "GET /reports/ HTTP/1.1" 200 50819
[INFO] 2025-09-24 14:10:20,589 django.server "GET /reports/36/delete/ HTTP/1.1" 302 0
[INFO] 2025-09-24 14:10:20,589 django.server "GET /reports/36/delete/ HTTP/1.1" 302 0
[WARNING] 2025-09-24 14:10:20,612 django.security.SuspiciousSession Session data corrupted
[WARNING] 2025-09-24 14:10:20,612 django.security.SuspiciousSession Session data corrupted
[INFO] 2025-09-24 14:10:20,788 django.server "GET /reports/ HTTP/1.1" 200 49696
[INFO] 2025-09-24 14:10:20,788 django.server "GET /reports/ HTTP/1.1" 200 49696
[INFO] 2025-09-24 14:10:23,934 django.server "GET /reports/35/delete/ HTTP/1.1" 302 0
[INFO] 2025-09-24 14:10:23,934 django.server "GET /reports/35/delete/ HTTP/1.1" 302 0
[WARNING] 2025-09-24 14:10:23,965 django.security.SuspiciousSession Session data corrupted
[WARNING] 2025-09-24 14:10:23,965 django.security.SuspiciousSession Session data corrupted
[INFO] 2025-09-24 14:10:24,153 django.server "GET /reports/ HTTP/1.1" 200 48569
[INFO] 2025-09-24 14:10:24,153 django.server "GET /reports/ HTTP/1.1" 200 48569
[INFO] 2025-09-24 14:10:27,002 django.server "GET /reports/34/delete/ HTTP/1.1" 302 0
[INFO] 2025-09-24 14:10:27,002 django.server "GET /reports/34/delete/ HTTP/1.1" 302 0
[WARNING] 2025-09-24 14:10:27,028 django.security.SuspiciousSession Session data corrupted
[WARNING] 2025-09-24 14:10:27,028 django.security.SuspiciousSession Session data corrupted
[INFO] 2025-09-24 14:10:27,205 django.server "GET /reports/ HTTP/1.1" 200 47445
[INFO] 2025-09-24 14:10:27,205 django.server "GET /reports/ HTTP/1.1" 200 47445
[INFO] 2025-09-24 14:10:30,100 django.server "GET /reports/33/delete/ HTTP/1.1" 302 0
[INFO] 2025-09-24 14:10:30,100 django.server "GET /reports/33/delete/ HTTP/1.1" 302 0
[WARNING] 2025-09-24 14:10:30,133 django.security.SuspiciousSession Session data corrupted
[WARNING] 2025-09-24 14:10:30,133 django.security.SuspiciousSession Session data corrupted
[INFO] 2025-09-24 14:10:30,305 django.server "GET /reports/ HTTP/1.1" 200 46319
[INFO] 2025-09-24 14:10:30,305 django.server "GET /reports/ HTTP/1.1" 200 46319
[INFO] 2025-09-24 14:10:32,704 django.server "GET /reports/32/delete/ HTTP/1.1" 302 0
[INFO] 2025-09-24 14:10:32,704 django.server "GET /reports/32/delete/ HTTP/1.1" 302 0
[WARNING] 2025-09-24 14:10:32,737 django.security.SuspiciousSession Session data corrupted
[WARNING] 2025-09-24 14:10:32,737 django.security.SuspiciousSession Session data corrupted
[INFO] 2025-09-24 14:10:32,930 django.server "GET /reports/ HTTP/1.1" 200 45191
[INFO] 2025-09-24 14:10:32,930 django.server "GET /reports/ HTTP/1.1" 200 45191
[INFO] 2025-09-24 14:10:35,643 django.server "GET /reports/31/delete/ HTTP/1.1" 302 0
[INFO] 2025-09-24 14:10:35,643 django.server "GET /reports/31/delete/ HTTP/1.1" 302 0
[WARNING] 2025-09-24 14:10:35,664 django.security.SuspiciousSession Session data corrupted
[WARNING] 2025-09-24 14:10:35,664 django.security.SuspiciousSession Session data corrupted
[INFO] 2025-09-24 14:10:35,831 django.server "GET /reports/ HTTP/1.1" 200 44064
[INFO] 2025-09-24 14:10:35,831 django.server "GET /reports/ HTTP/1.1" 200 44064
[INFO] 2025-09-24 14:10:38,850 django.server "GET /reports/29/delete/ HTTP/1.1" 302 0
[INFO] 2025-09-24 14:10:38,850 django.server "GET /reports/29/delete/ HTTP/1.1" 302 0
[WARNING] 2025-09-24 14:10:38,882 django.security.SuspiciousSession Session data corrupted
[WARNING] 2025-09-24 14:10:38,882 django.security.SuspiciousSession Session data corrupted
[INFO] 2025-09-24 14:10:39,047 django.server "GET /reports/ HTTP/1.1" 200 42941
[INFO] 2025-09-24 14:10:39,047 django.server "GET /reports/ HTTP/1.1" 200 42941
[INFO] 2025-09-24 14:10:41,076 django.server "GET /reports/28/delete/ HTTP/1.1" 302 0
[INFO] 2025-09-24 14:10:41,076 django.server "GET /reports/28/delete/ HTTP/1.1" 302 0
[WARNING] 2025-09-24 14:10:41,101 django.security.SuspiciousSession Session data corrupted
[WARNING] 2025-09-24 14:10:41,101 django.security.SuspiciousSession Session data corrupted
[INFO] 2025-09-24 14:10:41,263 django.server "GET /reports/ HTTP/1.1" 200 41815
[INFO] 2025-09-24 14:10:41,263 django.server "GET /reports/ HTTP/1.1" 200 41815
[INFO] 2025-09-24 14:10:44,037 django.server "GET /reports/27/delete/ HTTP/1.1" 302 0
[INFO] 2025-09-24 14:10:44,037 django.server "GET /reports/27/delete/ HTTP/1.1" 302 0
[WARNING] 2025-09-24 14:10:44,070 django.security.SuspiciousSession Session data corrupted
[WARNING] 2025-09-24 14:10:44,070 django.security.SuspiciousSession Session data corrupted
[INFO] 2025-09-24 14:10:44,253 django.server "GET /reports/ HTTP/1.1" 200 40691
[INFO] 2025-09-24 14:10:44,253 django.server "GET /reports/ HTTP/1.1" 200 40691
[INFO] 2025-09-24 14:10:46,369 django.server "GET /reports/26/delete/ HTTP/1.1" 302 0
[INFO] 2025-09-24 14:10:46,369 django.server "GET /reports/26/delete/ HTTP/1.1" 302 0
[WARNING] 2025-09-24 14:10:46,407 django.security.SuspiciousSession Session data corrupted
[WARNING] 2025-09-24 14:10:46,407 django.security.SuspiciousSession Session data corrupted
[INFO] 2025-09-24 14:10:46,569 django.server "GET /reports/ HTTP/1.1" 200 39563
[INFO] 2025-09-24 14:10:46,569 django.server "GET /reports/ HTTP/1.1" 200 39563
[INFO] 2025-09-24 14:10:49,643 django.server "GET /reports/25/delete/ HTTP/1.1" 302 0
[INFO] 2025-09-24 14:10:49,643 django.server "GET /reports/25/delete/ HTTP/1.1" 302 0
[WARNING] 2025-09-24 14:10:49,671 django.security.SuspiciousSession Session data corrupted
[WARNING] 2025-09-24 14:10:49,671 django.security.SuspiciousSession Session data corrupted
[INFO] 2025-09-24 14:10:49,822 django.server "GET /reports/ HTTP/1.1" 200 38436
[INFO] 2025-09-24 14:10:49,822 django.server "GET /reports/ HTTP/1.1" 200 38436
[INFO] 2025-09-24 14:10:53,271 django.server "GET /reports/24/delete/ HTTP/1.1" 302 0
[INFO] 2025-09-24 14:10:53,271 django.server "GET /reports/24/delete/ HTTP/1.1" 302 0
[WARNING] 2025-09-24 14:10:53,306 django.security.SuspiciousSession Session data corrupted
[WARNING] 2025-09-24 14:10:53,306 django.security.SuspiciousSession Session data corrupted
[INFO] 2025-09-24 14:10:53,485 django.server "GET /reports/ HTTP/1.1" 200 37313
[INFO] 2025-09-24 14:10:53,485 django.server "GET /reports/ HTTP/1.1" 200 37313
[INFO] 2025-09-24 14:11:04,369 django.server "GET /reports/23/delete/ HTTP/1.1" 302 0
[INFO] 2025-09-24 14:11:04,369 django.server "GET /reports/23/delete/ HTTP/1.1" 302 0
[WARNING] 2025-09-24 14:11:04,398 django.security.SuspiciousSession Session data corrupted
[WARNING] 2025-09-24 14:11:04,398 django.security.SuspiciousSession Session data corrupted
[INFO] 2025-09-24 14:11:04,538 django.server "GET /reports/ HTTP/1.1" 200 36187
[INFO] 2025-09-24 14:11:04,538 django.server "GET /reports/ HTTP/1.1" 200 36187
[INFO] 2025-09-24 14:11:07,350 django.server "GET /reports/22/delete/ HTTP/1.1" 302 0
[INFO] 2025-09-24 14:11:07,350 django.server "GET /reports/22/delete/ HTTP/1.1" 302 0
[WARNING] 2025-09-24 14:11:07,377 django.security.SuspiciousSession Session data corrupted
[WARNING] 2025-09-24 14:11:07,377 django.security.SuspiciousSession Session data corrupted
[INFO] 2025-09-24 14:11:07,499 django.server "GET /reports/ HTTP/1.1" 200 35061
[INFO] 2025-09-24 14:11:07,499 django.server "GET /reports/ HTTP/1.1" 200 35061
[INFO] 2025-09-24 14:11:10,454 django.server "GET /reports/21/delete/ HTTP/1.1" 302 0
[INFO] 2025-09-24 14:11:10,454 django.server "GET /reports/21/delete/ HTTP/1.1" 302 0
[WARNING] 2025-09-24 14:11:10,480 django.security.SuspiciousSession Session data corrupted
[WARNING] 2025-09-24 14:11:10,480 django.security.SuspiciousSession Session data corrupted
[INFO] 2025-09-24 14:11:10,615 django.server "GET /reports/ HTTP/1.1" 200 33937
[INFO] 2025-09-24 14:11:10,615 django.server "GET /reports/ HTTP/1.1" 200 33937
[INFO] 2025-09-24 14:11:13,617 django.server "GET /reports/20/delete/ HTTP/1.1" 302 0
[INFO] 2025-09-24 14:11:13,617 django.server "GET /reports/20/delete/ HTTP/1.1" 302 0
[WARNING] 2025-09-24 14:11:13,649 django.security.SuspiciousSession Session data corrupted
[WARNING] 2025-09-24 14:11:13,649 django.security.SuspiciousSession Session data corrupted
[INFO] 2025-09-24 14:11:13,781 django.server "GET /reports/ HTTP/1.1" 200 32811
[INFO] 2025-09-24 14:11:13,781 django.server "GET /reports/ HTTP/1.1" 200 32811
[INFO] 2025-09-24 14:11:16,056 django.server "GET /reports/19/delete/ HTTP/1.1" 302 0
[INFO] 2025-09-24 14:11:16,056 django.server "GET /reports/19/delete/ HTTP/1.1" 302 0
[WARNING] 2025-09-24 14:11:16,081 django.security.SuspiciousSession Session data corrupted
[WARNING] 2025-09-24 14:11:16,081 django.security.SuspiciousSession Session data corrupted
[INFO] 2025-09-24 14:11:16,199 django.server "GET /reports/ HTTP/1.1" 200 31685
[INFO] 2025-09-24 14:11:16,199 django.server "GET /reports/ HTTP/1.1" 200 31685
[INFO] 2025-09-24 14:11:19,217 django.server "GET /reports/18/delete/ HTTP/1.1" 302 0
[INFO] 2025-09-24 14:11:19,217 django.server "GET /reports/18/delete/ HTTP/1.1" 302 0
[WARNING] 2025-09-24 14:11:19,247 django.security.SuspiciousSession Session data corrupted
[WARNING] 2025-09-24 14:11:19,247 django.security.SuspiciousSession Session data corrupted
[INFO] 2025-09-24 14:11:19,377 django.server "GET /reports/ HTTP/1.1" 200 30557
[INFO] 2025-09-24 14:11:19,377 django.server "GET /reports/ HTTP/1.1" 200 30557
[INFO] 2025-09-24 14:11:22,169 django.server "GET /reports/17/delete/ HTTP/1.1" 302 0
[INFO] 2025-09-24 14:11:22,169 django.server "GET /reports/17/delete/ HTTP/1.1" 302 0
[WARNING] 2025-09-24 14:11:22,202 django.security.SuspiciousSession Session data corrupted
[WARNING] 2025-09-24 14:11:22,202 django.security.SuspiciousSession Session data corrupted
[INFO] 2025-09-24 14:11:22,327 django.server "GET /reports/ HTTP/1.1" 200 29434
[INFO] 2025-09-24 14:11:22,327 django.server "GET /reports/ HTTP/1.1" 200 29434
[INFO] 2025-09-24 14:11:24,417 django.server "GET /reports/16/delete/ HTTP/1.1" 302 0
[INFO] 2025-09-24 14:11:24,417 django.server "GET /reports/16/delete/ HTTP/1.1" 302 0
[WARNING] 2025-09-24 14:11:24,449 django.security.SuspiciousSession Session data corrupted
[WARNING] 2025-09-24 14:11:24,449 django.security.SuspiciousSession Session data corrupted
[INFO] 2025-09-24 14:11:24,565 django.server "GET /reports/ HTTP/1.1" 200 28307
[INFO] 2025-09-24 14:11:24,565 django.server "GET /reports/ HTTP/1.1" 200 28307
[INFO] 2025-09-24 14:11:26,621 django.server "GET /reports/15/delete/ HTTP/1.1" 302 0
[INFO] 2025-09-24 14:11:26,621 django.server "GET /reports/15/delete/ HTTP/1.1" 302 0
[WARNING] 2025-09-24 14:11:26,651 django.security.SuspiciousSession Session data corrupted
[WARNING] 2025-09-24 14:11:26,651 django.security.SuspiciousSession Session data corrupted
[INFO] 2025-09-24 14:11:26,752 django.server "GET /reports/ HTTP/1.1" 200 27184
[INFO] 2025-09-24 14:11:26,752 django.server "GET /reports/ HTTP/1.1" 200 27184
[INFO] 2025-09-24 14:11:29,814 django.server "GET /reports/14/delete/ HTTP/1.1" 302 0
[INFO] 2025-09-24 14:11:29,814 django.server "GET /reports/14/delete/ HTTP/1.1" 302 0
[WARNING] 2025-09-24 14:11:29,839 django.security.SuspiciousSession Session data corrupted
[WARNING] 2025-09-24 14:11:29,839 django.security.SuspiciousSession Session data corrupted
[INFO] 2025-09-24 14:11:29,943 django.server "GET /reports/ HTTP/1.1" 200 26057
[INFO] 2025-09-24 14:11:29,943 django.server "GET /reports/ HTTP/1.1" 200 26057
[INFO] 2025-09-24 14:11:32,384 django.server "GET /reports/11/delete/ HTTP/1.1" 302 0
[INFO] 2025-09-24 14:11:32,384 django.server "GET /reports/11/delete/ HTTP/1.1" 302 0
[WARNING] 2025-09-24 14:11:32,406 django.security.SuspiciousSession Session data corrupted
[WARNING] 2025-09-24 14:11:32,406 django.security.SuspiciousSession Session data corrupted
[INFO] 2025-09-24 14:11:32,506 django.server "GET /reports/ HTTP/1.1" 200 24929
[INFO] 2025-09-24 14:11:32,506 django.server "GET /reports/ HTTP/1.1" 200 24929
[INFO] 2025-09-24 14:11:34,690 django.server "GET /reports/10/delete/ HTTP/1.1" 302 0
[INFO] 2025-09-24 14:11:34,690 django.server "GET /reports/10/delete/ HTTP/1.1" 302 0
[WARNING] 2025-09-24 14:11:34,720 django.security.SuspiciousSession Session data corrupted
[WARNING] 2025-09-24 14:11:34,720 django.security.SuspiciousSession Session data corrupted
[INFO] 2025-09-24 14:11:34,809 django.server "GET /reports/ HTTP/1.1" 200 23802
[INFO] 2025-09-24 14:11:34,809 django.server "GET /reports/ HTTP/1.1" 200 23802
[INFO] 2025-09-24 14:11:36,858 django.server "GET /reports/9/delete/ HTTP/1.1" 302 0
[INFO] 2025-09-24 14:11:36,858 django.server "GET /reports/9/delete/ HTTP/1.1" 302 0
[WARNING] 2025-09-24 14:11:36,892 django.security.SuspiciousSession Session data corrupted
[WARNING] 2025-09-24 14:11:36,892 django.security.SuspiciousSession Session data corrupted
[INFO] 2025-09-24 14:11:36,989 django.server "GET /reports/ HTTP/1.1" 200 22682
[INFO] 2025-09-24 14:11:36,989 django.server "GET /reports/ HTTP/1.1" 200 22682
[INFO] 2025-09-24 14:11:39,051 django.server "GET /reports/8/delete/ HTTP/1.1" 302 0
[INFO] 2025-09-24 14:11:39,051 django.server "GET /reports/8/delete/ HTTP/1.1" 302 0
[WARNING] 2025-09-24 14:11:39,082 django.security.SuspiciousSession Session data corrupted
[WARNING] 2025-09-24 14:11:39,082 django.security.SuspiciousSession Session data corrupted
[INFO] 2025-09-24 14:11:39,169 django.server "GET /reports/ HTTP/1.1" 200 21559
[INFO] 2025-09-24 14:11:39,169 django.server "GET /reports/ HTTP/1.1" 200 21559
[INFO] 2025-09-24 14:11:42,433 django.server "GET /reports/7/delete/ HTTP/1.1" 302 0
[INFO] 2025-09-24 14:11:42,433 django.server "GET /reports/7/delete/ HTTP/1.1" 302 0
[WARNING] 2025-09-24 14:11:42,466 django.security.SuspiciousSession Session data corrupted
[WARNING] 2025-09-24 14:11:42,466 django.security.SuspiciousSession Session data corrupted
[INFO] 2025-09-24 14:11:42,542 django.server "GET /reports/ HTTP/1.1" 200 20436
[INFO] 2025-09-24 14:11:42,542 django.server "GET /reports/ HTTP/1.1" 200 20436
[INFO] 2025-09-24 14:11:44,732 django.server "GET /reports/6/delete/ HTTP/1.1" 302 0
[INFO] 2025-09-24 14:11:44,732 django.server "GET /reports/6/delete/ HTTP/1.1" 302 0
[WARNING] 2025-09-24 14:11:44,765 django.security.SuspiciousSession Session data corrupted
[WARNING] 2025-09-24 14:11:44,765 django.security.SuspiciousSession Session data corrupted
[INFO] 2025-09-24 14:11:44,836 django.server "GET /reports/ HTTP/1.1" 200 19313
[INFO] 2025-09-24 14:11:44,836 django.server "GET /reports/ HTTP/1.1" 200 19313
[INFO] 2025-09-24 14:11:47,838 django.server "GET /reports/3/delete/ HTTP/1.1" 302 0
[INFO] 2025-09-24 14:11:47,838 django.server "GET /reports/3/delete/ HTTP/1.1" 302 0
[WARNING] 2025-09-24 14:11:47,871 django.security.SuspiciousSession Session data corrupted
[WARNING] 2025-09-24 14:11:47,871 django.security.SuspiciousSession Session data corrupted
[INFO] 2025-09-24 14:11:47,945 django.server "GET /reports/ HTTP/1.1" 200 18188
[INFO] 2025-09-24 14:11:47,945 django.server "GET /reports/ HTTP/1.1" 200 18188
[INFO] 2025-09-24 14:11:50,335 django.server "GET /reports/2/delete/ HTTP/1.1" 302 0
[INFO] 2025-09-24 14:11:50,335 django.server "GET /reports/2/delete/ HTTP/1.1" 302 0
[WARNING] 2025-09-24 14:11:50,370 django.security.SuspiciousSession Session data corrupted
[WARNING] 2025-09-24 14:11:50,370 django.security.SuspiciousSession Session data corrupted
[INFO] 2025-09-24 14:11:50,432 django.server "GET /reports/ HTTP/1.1" 200 17068
[INFO] 2025-09-24 14:11:50,432 django.server "GET /reports/ HTTP/1.1" 200 17068
[INFO] 2025-09-24 14:11:52,699 django.server "GET /reports/1/delete/ HTTP/1.1" 302 0
[INFO] 2025-09-24 14:11:52,699 django.server "GET /reports/1/delete/ HTTP/1.1" 302 0
[WARNING] 2025-09-24 14:11:52,730 django.security.SuspiciousSession Session data corrupted
[WARNING] 2025-09-24 14:11:52,730 django.security.SuspiciousSession Session data corrupted
[INFO] 2025-09-24 14:11:52,785 django.server "GET /reports/ HTTP/1.1" 200 16047
[INFO] 2025-09-24 14:11:52,785 django.server "GET /reports/ HTTP/1.1" 200 16047
[INFO] 2025-09-24 14:12:01,735 django.server "GET /reports/70/delete/ HTTP/1.1" 302 0
[INFO] 2025-09-24 14:12:01,735 django.server "GET /reports/70/delete/ HTTP/1.1" 302 0
[WARNING] 2025-09-24 14:12:01,764 django.security.SuspiciousSession Session data corrupted
[WARNING] 2025-09-24 14:12:01,764 django.security.SuspiciousSession Session data corrupted
[INFO] 2025-09-24 14:12:01,823 django.server "GET /reports/ HTTP/1.1" 200 14862
[INFO] 2025-09-24 14:12:01,823 django.server "GET /reports/ HTTP/1.1" 200 14862
[INFO] 2025-09-24 14:12:05,969 django.server "GET /reports/71/delete/ HTTP/1.1" 302 0
[INFO] 2025-09-24 14:12:05,969 django.server "GET /reports/71/delete/ HTTP/1.1" 302 0
[WARNING] 2025-09-24 14:12:06,007 django.security.SuspiciousSession Session data corrupted
[WARNING] 2025-09-24 14:12:06,007 django.security.SuspiciousSession Session data corrupted
[INFO] 2025-09-24 14:12:06,057 django.server "GET /reports/ HTTP/1.1" 200 13676
[INFO] 2025-09-24 14:12:06,057 django.server "GET /reports/ HTTP/1.1" 200 13676
[INFO] 2025-09-24 14:12:14,000 django.server "GET /reports/67/delete/ HTTP/1.1" 302 0
[INFO] 2025-09-24 14:12:14,000 django.server "GET /reports/67/delete/ HTTP/1.1" 302 0
[WARNING] 2025-09-24 14:12:14,032 django.security.SuspiciousSession Session data corrupted
[WARNING] 2025-09-24 14:12:14,032 django.security.SuspiciousSession Session data corrupted
[INFO] 2025-09-24 14:12:14,085 django.server "GET /reports/ HTTP/1.1" 200 12488
[INFO] 2025-09-24 14:12:14,085 django.server "GET /reports/ HTTP/1.1" 200 12488
[INFO] 2025-09-24 14:12:16,842 django.server "GET /reports/68/delete/ HTTP/1.1" 302 0
[INFO] 2025-09-24 14:12:16,842 django.server "GET /reports/68/delete/ HTTP/1.1" 302 0
[WARNING] 2025-09-24 14:12:16,874 django.security.SuspiciousSession Session data corrupted
[WARNING] 2025-09-24 14:12:16,874 django.security.SuspiciousSession Session data corrupted
[INFO] 2025-09-24 14:12:16,919 django.server "GET /reports/ HTTP/1.1" 200 11305
[INFO] 2025-09-24 14:12:16,919 django.server "GET /reports/ HTTP/1.1" 200 11305
[INFO] 2025-09-24 14:12:19,653 django.server "GET /reports/69/delete/ HTTP/1.1" 302 0
[INFO] 2025-09-24 14:12:19,653 django.server "GET /reports/69/delete/ HTTP/1.1" 302 0
[WARNING] 2025-09-24 14:12:19,682 django.security.SuspiciousSession Session data corrupted
[WARNING] 2025-09-24 14:12:19,682 django.security.SuspiciousSession Session data corrupted
[INFO] 2025-09-24 14:12:19,727 django.server "GET /reports/ HTTP/1.1" 200 10118
[INFO] 2025-09-24 14:12:19,727 django.server "GET /reports/ HTTP/1.1" 200 10118
[INFO] 2025-09-24 14:12:22,484 django.server "GET /reports/61/delete/ HTTP/1.1" 302 0
[INFO] 2025-09-24 14:12:22,484 django.server "GET /reports/61/delete/ HTTP/1.1" 302 0
[WARNING] 2025-09-24 14:12:22,518 django.security.SuspiciousSession Session data corrupted
[WARNING] 2025-09-24 14:12:22,518 django.security.SuspiciousSession Session data corrupted
[INFO] 2025-09-24 14:12:22,554 django.server "GET /reports/ HTTP/1.1" 200 8932
[INFO] 2025-09-24 14:12:22,554 django.server "GET /reports/ HTTP/1.1" 200 8932
[INFO] 2025-09-24 14:12:25,304 django.server "GET /reports/51/delete/ HTTP/1.1" 302 0
[INFO] 2025-09-24 14:12:25,304 django.server "GET /reports/51/delete/ HTTP/1.1" 302 0
[WARNING] 2025-09-24 14:12:25,341 django.security.SuspiciousSession Session data corrupted
[WARNING] 2025-09-24 14:12:25,341 django.security.SuspiciousSession Session data corrupted
[INFO] 2025-09-24 14:12:25,364 django.server "GET /reports/ HTTP/1.1" 200 7746
[INFO] 2025-09-24 14:12:25,364 django.server "GET /reports/ HTTP/1.1" 200 7746
[INFO] 2025-09-24 14:12:28,422 django.server "GET /reports/41/delete/ HTTP/1.1" 302 0
[INFO] 2025-09-24 14:12:28,422 django.server "GET /reports/41/delete/ HTTP/1.1" 302 0
[WARNING] 2025-09-24 14:12:28,461 django.security.SuspiciousSession Session data corrupted
[WARNING] 2025-09-24 14:12:28,461 django.security.SuspiciousSession Session data corrupted
[INFO] 2025-09-24 14:12:28,477 django.server "GET /reports/ HTTP/1.1" 200 6560
[INFO] 2025-09-24 14:12:28,477 django.server "GET /reports/ HTTP/1.1" 200 6560
[INFO] 2025-09-24 14:12:32,049 django.server "GET /reports/30/delete/ HTTP/1.1" 302 0
[INFO] 2025-09-24 14:12:32,049 django.server "GET /reports/30/delete/ HTTP/1.1" 302 0
[WARNING] 2025-09-24 14:12:32,084 django.security.SuspiciousSession Session data corrupted
[WARNING] 2025-09-24 14:12:32,084 django.security.SuspiciousSession Session data corrupted
[INFO] 2025-09-24 14:12:32,090 django.server "GET /reports/ HTTP/1.1" 200 5476
[INFO] 2025-09-24 14:12:32,090 django.server "GET /reports/ HTTP/1.1" 200 5476
[INFO] 2025-09-24 14:13:23,184 django.utils.autoreload D:\cert\certification_system\students\views.py changed, reloading.
[INFO] 2025-09-24 14:13:23,184 django.utils.autoreload D:\cert\certification_system\students\views.py changed, reloading.
[INFO] 2025-09-24 14:13:25,673 django.utils.autoreload Watching for file changes with StatReloader
[INFO] 2025-09-24 14:13:25,673 django.utils.autoreload Watching for file changes with StatReloader
[WARNING] 2025-09-24 14:14:36,162 django.security.SuspiciousSession Session data corrupted
[WARNING] 2025-09-24 14:14:36,162 django.security.SuspiciousSession Session data corrupted
[INFO] 2025-09-24 14:14:36,234 django.server "GET /students/ HTTP/1.1" 200 28136
[INFO] 2025-09-24 14:14:36,234 django.server "GET /students/ HTTP/1.1" 200 28136
[WARNING] 2025-09-24 14:24:09,697 django.security.SuspiciousSession Session data corrupted
[WARNING] 2025-09-24 14:24:09,697 django.security.SuspiciousSession Session data corrupted
[INFO] 2025-09-24 14:24:09,697 django.server "GET /reports/ HTTP/1.1" 200 5951
[INFO] 2025-09-24 14:24:09,697 django.server "GET /reports/ HTTP/1.1" 200 5951
[WARNING] 2025-09-24 14:24:15,948 django.security.SuspiciousSession Session data corrupted
[WARNING] 2025-09-24 14:24:15,948 django.security.SuspiciousSession Session data corrupted
[INFO] 2025-09-24 14:24:15,989 django.server "GET /students/ HTTP/1.1" 200 28136
[INFO] 2025-09-24 14:24:15,989 django.server "GET /students/ HTTP/1.1" 200 28136
[INFO] 2025-09-24 14:24:24,080 django.server "POST /students/6/send-certificate/ HTTP/1.1" 200 44
[INFO] 2025-09-24 14:24:24,080 django.server "POST /students/6/send-certificate/ HTTP/1.1" 200 44
[INFO] 2025-09-24 14:24:24,116 django.server "POST /students/7/send-certificate/ HTTP/1.1" 200 67
[INFO] 2025-09-24 14:24:24,116 django.server "POST /students/7/send-certificate/ HTTP/1.1" 200 67
[INFO] 2025-09-24 14:24:24,572 django.server "POST /students/8/send-certificate/ HTTP/1.1" 200 47
[INFO] 2025-09-24 14:24:24,572 django.server "POST /students/8/send-certificate/ HTTP/1.1" 200 47
[INFO] 2025-09-24 14:24:25,388 django.server "POST /students/10/send-certificate/ HTTP/1.1" 200 45
[INFO] 2025-09-24 14:24:25,388 django.server "POST /students/10/send-certificate/ HTTP/1.1" 200 45
[INFO] 2025-09-24 14:24:26,876 django.server "POST /students/11/send-certificate/ HTTP/1.1" 200 44
[INFO] 2025-09-24 14:24:26,876 django.server "POST /students/11/send-certificate/ HTTP/1.1" 200 44
[INFO] 2025-09-24 14:24:26,898 django.server "POST /students/13/send-certificate/ HTTP/1.1" 200 45
[INFO] 2025-09-24 14:24:26,898 django.server "POST /students/13/send-certificate/ HTTP/1.1" 200 45
[INFO] 2025-09-24 14:24:26,929 django.server "POST /students/12/send-certificate/ HTTP/1.1" 200 45
[INFO] 2025-09-24 14:24:26,929 django.server "POST /students/12/send-certificate/ HTTP/1.1" 200 45
[INFO] 2025-09-24 14:24:29,368 students.utils Email successfully sent to rt.gorla7@gmail.com
[INFO] 2025-09-24 14:24:30,028 students.utils Email successfully sent to rt.gorla@gmail.com
[WARNING] 2025-09-24 14:24:30,030 django.security.SuspiciousSession Session data corrupted
[WARNING] 2025-09-24 14:24:30,030 django.security.SuspiciousSession Session data corrupted
[INFO] 2025-09-24 14:24:30,092 django.server "GET /reports/ HTTP/1.1" 200 15954
[INFO] 2025-09-24 14:24:30,092 django.server "GET /reports/ HTTP/1.1" 200 15954
[INFO] 2025-09-24 14:24:31,298 students.utils Email successfully sent to raviteja9182@gmail.com
[INFO] 2025-09-24 14:24:32,130 students.utils Email successfully sent to rt.gorla7@gmail.com
[INFO] 2025-09-24 14:24:35,095 students.utils Email successfully sent to rt.gorla@gmail.com
[INFO] 2025-09-24 14:24:36,517 students.utils Email successfully sent to saigoli4129@gmail.com
[INFO] 2025-09-24 14:26:12,117 django.utils.autoreload D:\cert\certification_system\reports\views.py changed, reloading.
[INFO] 2025-09-24 14:26:12,117 django.utils.autoreload D:\cert\certification_system\reports\views.py changed, reloading.
[INFO] 2025-09-24 14:26:19,298 django.utils.autoreload Watching for file changes with StatReloader
[INFO] 2025-09-24 14:26:19,298 django.utils.autoreload Watching for file changes with StatReloader
[WARNING] 2025-09-24 14:26:21,903 django.security.SuspiciousSession Session data corrupted
[WARNING] 2025-09-24 14:26:21,903 django.security.SuspiciousSession Session data corrupted
[INFO] 2025-09-24 14:26:21,963 django.server "GET /reports/ HTTP/1.1" 200 20459
[INFO] 2025-09-24 14:26:21,963 django.server "GET /reports/ HTTP/1.1" 200 20459
[WARNING] 2025-09-24 14:26:40,542 django.security.SuspiciousSession Session data corrupted
[WARNING] 2025-09-24 14:26:40,542 django.security.SuspiciousSession Session data corrupted
[INFO] 2025-09-24 14:26:40,615 django.server "GET /reports/ HTTP/1.1" 200 20459
[INFO] 2025-09-24 14:26:40,615 django.server "GET /reports/ HTTP/1.1" 200 20459
[WARNING] 2025-09-24 14:26:46,349 django.security.SuspiciousSession Session data corrupted
[WARNING] 2025-09-24 14:26:46,349 django.security.SuspiciousSession Session data corrupted
[INFO] 2025-09-24 14:26:46,422 django.server "GET /reports/ HTTP/1.1" 200 20459
[INFO] 2025-09-24 14:26:46,422 django.server "GET /reports/ HTTP/1.1" 200 20459
[INFO] 2025-09-24 14:27:00,347 django.server "GET /reports/84/delete/ HTTP/1.1" 302 0
[INFO] 2025-09-24 14:27:00,347 django.server "GET /reports/84/delete/ HTTP/1.1" 302 0
[WARNING] 2025-09-24 14:27:00,383 django.security.SuspiciousSession Session data corrupted
[WARNING] 2025-09-24 14:27:00,383 django.security.SuspiciousSession Session data corrupted
[INFO] 2025-09-24 14:27:00,464 django.server "GET /reports/ HTTP/1.1" 200 19333
[INFO] 2025-09-24 14:27:00,464 django.server "GET /reports/ HTTP/1.1" 200 19333
[INFO] 2025-09-24 14:27:03,368 django.server "GET /reports/83/delete/ HTTP/1.1" 302 0
[INFO] 2025-09-24 14:27:03,368 django.server "GET /reports/83/delete/ HTTP/1.1" 302 0
[WARNING] 2025-09-24 14:27:03,402 django.security.SuspiciousSession Session data corrupted
[WARNING] 2025-09-24 14:27:03,402 django.security.SuspiciousSession Session data corrupted
[INFO] 2025-09-24 14:27:03,468 django.server "GET /reports/ HTTP/1.1" 200 18209
[INFO] 2025-09-24 14:27:03,468 django.server "GET /reports/ HTTP/1.1" 200 18209
[INFO] 2025-09-24 14:27:04,870 django.server "GET /reports/82/delete/ HTTP/1.1" 302 0
[INFO] 2025-09-24 14:27:04,870 django.server "GET /reports/82/delete/ HTTP/1.1" 302 0
[WARNING] 2025-09-24 14:27:04,888 django.security.SuspiciousSession Session data corrupted
[WARNING] 2025-09-24 14:27:04,888 django.security.SuspiciousSession Session data corrupted
[INFO] 2025-09-24 14:27:04,968 django.server "GET /reports/ HTTP/1.1" 200 17083
[INFO] 2025-09-24 14:27:04,968 django.server "GET /reports/ HTTP/1.1" 200 17083
[INFO] 2025-09-24 14:27:09,453 django.server "GET /reports/81/delete/ HTTP/1.1" 302 0
[INFO] 2025-09-24 14:27:09,453 django.server "GET /reports/81/delete/ HTTP/1.1" 302 0
[WARNING] 2025-09-24 14:27:09,487 django.security.SuspiciousSession Session data corrupted
[WARNING] 2025-09-24 14:27:09,487 django.security.SuspiciousSession Session data corrupted
[INFO] 2025-09-24 14:27:09,551 django.server "GET /reports/ HTTP/1.1" 200 15954
[INFO] 2025-09-24 14:27:09,551 django.server "GET /reports/ HTTP/1.1" 200 15954
[INFO] 2025-09-24 14:27:11,864 django.server "GET /reports/80/delete/ HTTP/1.1" 302 0
[INFO] 2025-09-24 14:27:11,864 django.server "GET /reports/80/delete/ HTTP/1.1" 302 0
[WARNING] 2025-09-24 14:27:11,894 django.security.SuspiciousSession Session data corrupted
[WARNING] 2025-09-24 14:27:11,894 django.security.SuspiciousSession Session data corrupted
[INFO] 2025-09-24 14:27:11,951 django.server "GET /reports/ HTTP/1.1" 200 14831
[INFO] 2025-09-24 14:27:11,951 django.server "GET /reports/ HTTP/1.1" 200 14831
[INFO] 2025-09-24 14:27:15,302 django.server "GET /reports/79/delete/ HTTP/1.1" 302 0
[INFO] 2025-09-24 14:27:15,302 django.server "GET /reports/79/delete/ HTTP/1.1" 302 0
[WARNING] 2025-09-24 14:27:15,337 django.security.SuspiciousSession Session data corrupted
[WARNING] 2025-09-24 14:27:15,337 django.security.SuspiciousSession Session data corrupted
[INFO] 2025-09-24 14:27:15,385 django.server "GET /reports/ HTTP/1.1" 200 13704
[INFO] 2025-09-24 14:27:15,385 django.server "GET /reports/ HTTP/1.1" 200 13704
[INFO] 2025-09-24 14:27:16,833 django.server "GET /reports/78/delete/ HTTP/1.1" 302 0
[INFO] 2025-09-24 14:27:16,833 django.server "GET /reports/78/delete/ HTTP/1.1" 302 0
[WARNING] 2025-09-24 14:27:16,862 django.security.SuspiciousSession Session data corrupted
[WARNING] 2025-09-24 14:27:16,862 django.security.SuspiciousSession Session data corrupted
[INFO] 2025-09-24 14:27:16,911 django.server "GET /reports/ HTTP/1.1" 200 12580
[INFO] 2025-09-24 14:27:16,911 django.server "GET /reports/ HTTP/1.1" 200 12580
[INFO] 2025-09-24 14:27:19,548 django.server "GET /reports/77/delete/ HTTP/1.1" 302 0
[INFO] 2025-09-24 14:27:19,548 django.server "GET /reports/77/delete/ HTTP/1.1" 302 0
[WARNING] 2025-09-24 14:27:19,576 django.security.SuspiciousSession Session data corrupted
[WARNING] 2025-09-24 14:27:19,576 django.security.SuspiciousSession Session data corrupted
[INFO] 2025-09-24 14:27:19,620 django.server "GET /reports/ HTTP/1.1" 200 11455
[INFO] 2025-09-24 14:27:19,620 django.server "GET /reports/ HTTP/1.1" 200 11455
[INFO] 2025-09-24 14:27:22,101 django.server "GET /reports/76/delete/ HTTP/1.1" 302 0
[INFO] 2025-09-24 14:27:22,101 django.server "GET /reports/76/delete/ HTTP/1.1" 302 0
[WARNING] 2025-09-24 14:27:22,139 django.security.SuspiciousSession Session data corrupted
[WARNING] 2025-09-24 14:27:22,139 django.security.SuspiciousSession Session data corrupted
[INFO] 2025-09-24 14:27:22,171 django.server "GET /reports/ HTTP/1.1" 200 10329
[INFO] 2025-09-24 14:27:22,171 django.server "GET /reports/ HTTP/1.1" 200 10329
[INFO] 2025-09-24 14:27:24,767 django.server "GET /reports/75/delete/ HTTP/1.1" 302 0
[INFO] 2025-09-24 14:27:24,767 django.server "GET /reports/75/delete/ HTTP/1.1" 302 0
[WARNING] 2025-09-24 14:27:24,793 django.security.SuspiciousSession Session data corrupted
[WARNING] 2025-09-24 14:27:24,793 django.security.SuspiciousSession Session data corrupted
[INFO] 2025-09-24 14:27:24,823 django.server "GET /reports/ HTTP/1.1" 200 9201
[INFO] 2025-09-24 14:27:24,823 django.server "GET /reports/ HTTP/1.1" 200 9201
[INFO] 2025-09-24 14:27:26,601 django.server "GET /reports/74/delete/ HTTP/1.1" 302 0
[INFO] 2025-09-24 14:27:26,601 django.server "GET /reports/74/delete/ HTTP/1.1" 302 0
[WARNING] 2025-09-24 14:27:26,624 django.security.SuspiciousSession Session data corrupted
[WARNING] 2025-09-24 14:27:26,624 django.security.SuspiciousSession Session data corrupted
[INFO] 2025-09-24 14:27:26,654 django.server "GET /reports/ HTTP/1.1" 200 8074
[INFO] 2025-09-24 14:27:26,654 django.server "GET /reports/ HTTP/1.1" 200 8074
[INFO] 2025-09-24 14:27:36,943 django.server "GET /reports/73/resend/ HTTP/1.1" 302 0
[INFO] 2025-09-24 14:27:36,943 django.server "GET /reports/73/resend/ HTTP/1.1" 302 0
[WARNING] 2025-09-24 14:27:36,970 django.security.SuspiciousSession Session data corrupted
[WARNING] 2025-09-24 14:27:36,970 django.security.SuspiciousSession Session data corrupted
[INFO] 2025-09-24 14:27:37,001 django.server "GET /reports/ HTTP/1.1" 200 8049
[INFO] 2025-09-24 14:27:37,001 django.server "GET /reports/ HTTP/1.1" 200 8049
[INFO] 2025-09-24 14:27:51,950 django.server "GET /reports/72/resend/ HTTP/1.1" 302 0
[INFO] 2025-09-24 14:27:51,950 django.server "GET /reports/72/resend/ HTTP/1.1" 302 0
[WARNING] 2025-09-24 14:27:51,973 django.security.SuspiciousSession Session data corrupted
[WARNING] 2025-09-24 14:27:51,973 django.security.SuspiciousSession Session data corrupted
[INFO] 2025-09-24 14:27:51,991 django.server "GET /reports/ HTTP/1.1" 200 8049
[INFO] 2025-09-24 14:27:51,991 django.server "GET /reports/ HTTP/1.1" 200 8049
[INFO] 2025-09-24 14:28:59,122 django.utils.autoreload D:\cert\certification_system\reports\views.py changed, reloading.
[INFO] 2025-09-24 14:28:59,122 django.utils.autoreload D:\cert\certification_system\reports\views.py changed, reloading.
[INFO] 2025-09-24 14:29:00,755 django.utils.autoreload Watching for file changes with StatReloader
[INFO] 2025-09-24 14:29:00,755 django.utils.autoreload Watching for file changes with StatReloader
[INFO] 2025-09-24 14:29:07,385 django.utils.autoreload D:\cert\certification_system\reports\views.py changed, reloading.
[INFO] 2025-09-24 14:29:07,385 django.utils.autoreload D:\cert\certification_system\reports\views.py changed, reloading.
[INFO] 2025-09-24 14:29:08,724 django.utils.autoreload Watching for file changes with StatReloader
[INFO] 2025-09-24 14:29:08,724 django.utils.autoreload Watching for file changes with StatReloader
[INFO] 2025-09-24 14:29:11,010 django.utils.autoreload D:\cert\certification_system\reports\views.py changed, reloading.
[INFO] 2025-09-24 14:29:11,010 django.utils.autoreload D:\cert\certification_system\reports\views.py changed, reloading.
[INFO] 2025-09-24 14:29:12,449 django.utils.autoreload Watching for file changes with StatReloader
[INFO] 2025-09-24 14:29:12,449 django.utils.autoreload Watching for file changes with StatReloader
[INFO] 2025-09-24 14:29:18,323 django.utils.autoreload D:\cert\certification_system\reports\views.py changed, reloading.
[INFO] 2025-09-24 14:29:18,323 django.utils.autoreload D:\cert\certification_system\reports\views.py changed, reloading.
[INFO] 2025-09-24 14:29:20,322 django.utils.autoreload Watching for file changes with StatReloader
[INFO] 2025-09-24 14:29:20,322 django.utils.autoreload Watching for file changes with StatReloader
[INFO] 2025-09-24 14:29:27,948 django.utils.autoreload D:\cert\certification_system\reports\views.py changed, reloading.
[INFO] 2025-09-24 14:29:27,948 django.utils.autoreload D:\cert\certification_system\reports\views.py changed, reloading.
[INFO] 2025-09-24 14:29:29,625 django.utils.autoreload Watching for file changes with StatReloader
[INFO] 2025-09-24 14:29:29,625 django.utils.autoreload Watching for file changes with StatReloader
